<?xml version="1.0" encoding="UTF-8"?>
<testng-results ignored="0" total="1" passed="0" failed="1" skipped="0">
  <reporter-output>
  </reporter-output>
  <suite started-at="2024-07-18T09:53:46 IST" name="Default suite" finished-at="2024-07-18T09:54:21 IST" duration-ms="35786">
    <groups>
      <group name="smoke">
        <method signature="TC_DWS_008_Test.clickOnElectronics()[pri:0, instance:electronics.TC_DWS_008_Test@4b013c76]" name="clickOnElectronics" class="electronics.TC_DWS_008_Test"/>
      </group> <!-- smoke -->
    </groups>
    <test started-at="2024-07-18T09:53:46 IST" name="Default test" finished-at="2024-07-18T09:54:21 IST" duration-ms="35786">
      <class name="electronics.TC_DWS_008_Test">
        <test-method is-config="true" signature="configReport()[pri:0, instance:electronics.TC_DWS_008_Test@4b013c76]" started-at="2024-07-18T09:53:45 IST" name="configReport" finished-at="2024-07-18T09:53:46 IST" duration-ms="682" status="PASS">
          <reporter-output>
          </reporter-output>
        </test-method> <!-- configReport -->
        <test-method is-config="true" signature="launchBrowser(java.lang.String)[pri:0, instance:electronics.TC_DWS_008_Test@4b013c76]" started-at="2024-07-18T09:53:46 IST" name="launchBrowser" finished-at="2024-07-18T09:53:59 IST" duration-ms="12971" status="PASS">
          <params>
            <param index="0">
              <value>
                <![CDATA[chrome]]>
              </value>
            </param>
          </params>
          <reporter-output>
          </reporter-output>
        </test-method> <!-- launchBrowser -->
        <test-method is-config="true" signature="login(java.lang.reflect.Method)[pri:0, instance:electronics.TC_DWS_008_Test@4b013c76]" started-at="2024-07-18T09:53:59 IST" name="login" finished-at="2024-07-18T09:54:13 IST" duration-ms="14401" status="PASS">
          <params>
            <param index="0">
              <value>
                <![CDATA[public void electronics.TC_DWS_008_Test.clickOnElectronics() throws java.io.IOException]]>
              </value>
            </param>
          </params>
          <reporter-output>
          </reporter-output>
        </test-method> <!-- login -->
        <test-method signature="clickOnElectronics()[pri:0, instance:electronics.TC_DWS_008_Test@4b013c76]" started-at="2024-07-18T09:54:13 IST" name="clickOnElectronics" finished-at="2024-07-18T09:54:16 IST" duration-ms="2506" status="FAIL">
          <exception class="java.lang.AssertionError">
            <message>
              <![CDATA[Electronics page is not displayed expected [Demo Web Shop. Electronics] but found [Electronics]]]>
            </message>
            <full-stacktrace>
              <![CDATA[java.lang.AssertionError: Electronics page is not displayed expected [Demo Web Shop. Electronics] but found [Electronics]
at org.testng.Assert.fail(Assert.java:110)
at org.testng.Assert.failNotEquals(Assert.java:1577)
at org.testng.Assert.assertEqualsImpl(Assert.java:149)
at org.testng.Assert.assertEquals(Assert.java:131)
at org.testng.Assert.assertEquals(Assert.java:655)
at electronics.TC_DWS_008_Test.clickOnElectronics(TC_DWS_008_Test.java:22)
at java.base/jdk.internal.reflect.NativeMethodAccessorImpl.invoke0(Native Method)
at java.base/jdk.internal.reflect.NativeMethodAccessorImpl.invoke(NativeMethodAccessorImpl.java:77)
at java.base/jdk.internal.reflect.DelegatingMethodAccessorImpl.invoke(DelegatingMethodAccessorImpl.java:43)
at java.base/java.lang.reflect.Method.invoke(Method.java:568)
at org.testng.internal.invokers.MethodInvocationHelper.invokeMethod(MethodInvocationHelper.java:139)
at org.testng.internal.invokers.TestInvoker.invokeMethod(TestInvoker.java:677)
at org.testng.internal.invokers.TestInvoker.invokeTestMethod(TestInvoker.java:221)
at org.testng.internal.invokers.MethodRunner.runInSequence(MethodRunner.java:50)
at org.testng.internal.invokers.TestInvoker$MethodInvocationAgent.invoke(TestInvoker.java:969)
at org.testng.internal.invokers.TestInvoker.invokeTestMethods(TestInvoker.java:194)
at org.testng.internal.invokers.TestMethodWorker.invokeTestMethods(TestMethodWorker.java:148)
at org.testng.internal.invokers.TestMethodWorker.run(TestMethodWorker.java:128)
at java.base/java.util.ArrayList.forEach(ArrayList.java:1511)
at org.testng.TestRunner.privateRun(TestRunner.java:829)
at org.testng.TestRunner.run(TestRunner.java:602)
at org.testng.SuiteRunner.runTest(SuiteRunner.java:437)
at org.testng.SuiteRunner.runSequentially(SuiteRunner.java:431)
at org.testng.SuiteRunner.privateRun(SuiteRunner.java:391)
at org.testng.SuiteRunner.run(SuiteRunner.java:330)
at org.testng.SuiteRunnerWorker.runSuite(SuiteRunnerWorker.java:52)
at org.testng.SuiteRunnerWorker.run(SuiteRunnerWorker.java:95)
at org.testng.TestNG.runSuitesSequentially(TestNG.java:1256)
at org.testng.TestNG.runSuitesLocally(TestNG.java:1176)
at org.testng.TestNG.runSuites(TestNG.java:1099)
at org.testng.TestNG.run(TestNG.java:1067)
at org.testng.remote.AbstractRemoteTestNG.run(AbstractRemoteTestNG.java:115)
at org.testng.remote.RemoteTestNG.initAndRun(RemoteTestNG.java:251)
at org.testng.remote.RemoteTestNG.main(RemoteTestNG.java:77)
]]>
            </full-stacktrace>
          </exception> <!-- java.lang.AssertionError -->
          <reporter-output>
          </reporter-output>
        </test-method> <!-- clickOnElectronics -->
        <test-method is-config="true" signature="logout()[pri:0, instance:electronics.TC_DWS_008_Test@4b013c76]" started-at="2024-07-18T09:54:16 IST" name="logout" finished-at="2024-07-18T09:54:18 IST" duration-ms="2010" status="PASS">
          <reporter-output>
          </reporter-output>
        </test-method> <!-- logout -->
        <test-method is-config="true" signature="closeBrowser()[pri:0, instance:electronics.TC_DWS_008_Test@4b013c76]" started-at="2024-07-18T09:54:18 IST" name="closeBrowser" finished-at="2024-07-18T09:54:21 IST" duration-ms="3207" status="PASS">
          <reporter-output>
          </reporter-output>
        </test-method> <!-- closeBrowser -->
        <test-method is-config="true" signature="reportBackup()[pri:0, instance:electronics.TC_DWS_008_Test@4b013c76]" started-at="2024-07-18T09:54:22 IST" name="reportBackup" finished-at="2024-07-18T09:54:22 IST" duration-ms="828" status="PASS">
          <reporter-output>
          </reporter-output>
        </test-method> <!-- reportBackup -->
      </class> <!-- electronics.TC_DWS_008_Test -->
    </test> <!-- Default test -->
  </suite> <!-- Default suite -->
</testng-results>
